{"/Users/sharathvignesh/Documents/doom/simpleApp/test/test.js":{"path":"/Users/sharathvignesh/Documents/doom/simpleApp/test/test.js","s":{"1":1,"2":1,"3":1,"4":1,"5":1,"6":1,"7":1,"8":1,"9":1,"10":1,"11":1,"12":1,"13":1,"14":1,"15":1,"16":1,"17":1,"18":1,"19":1,"20":1,"21":1,"22":1,"23":1,"24":1,"25":1,"26":1,"27":1,"28":1,"29":1,"30":1},"b":{},"f":{"1":1,"2":1,"3":1,"4":1,"5":1,"6":1,"7":1,"8":1,"9":1,"10":1,"11":1},"fnMap":{"1":{"name":"(anonymous_1)","line":7,"loc":{"start":{"line":7,"column":16},"end":{"line":7,"column":27}}},"2":{"name":"(anonymous_2)","line":9,"loc":{"start":{"line":9,"column":17},"end":{"line":9,"column":32}}},"3":{"name":"(anonymous_3)","line":12,"loc":{"start":{"line":12,"column":15},"end":{"line":12,"column":33}}},"4":{"name":"(anonymous_4)","line":19,"loc":{"start":{"line":19,"column":27},"end":{"line":19,"column":42}}},"5":{"name":"(anonymous_5)","line":23,"loc":{"start":{"line":23,"column":15},"end":{"line":23,"column":33}}},"6":{"name":"(anonymous_6)","line":30,"loc":{"start":{"line":30,"column":29},"end":{"line":30,"column":44}}},"7":{"name":"(anonymous_7)","line":35,"loc":{"start":{"line":35,"column":15},"end":{"line":35,"column":33}}},"8":{"name":"(anonymous_8)","line":42,"loc":{"start":{"line":42,"column":29},"end":{"line":42,"column":44}}},"9":{"name":"(anonymous_9)","line":47,"loc":{"start":{"line":47,"column":15},"end":{"line":47,"column":33}}},"10":{"name":"(anonymous_10)","line":53,"loc":{"start":{"line":53,"column":24},"end":{"line":53,"column":39}}},"11":{"name":"(anonymous_11)","line":59,"loc":{"start":{"line":59,"column":15},"end":{"line":59,"column":33}}}},"statementMap":{"1":{"start":{"line":1,"column":0},"end":{"line":null,"column":null}},"2":{"start":{"line":2,"column":0},"end":{"line":null,"column":null}},"3":{"start":{"line":3,"column":0},"end":{"line":null,"column":null}},"4":{"start":{"line":5,"column":0},"end":{"line":null,"column":null}},"5":{"start":{"line":7,"column":0},"end":{"line":null,"column":null}},"6":{"start":{"line":8,"column":6},"end":{"line":null,"column":null}},"7":{"start":{"line":9,"column":9},"end":{"line":null,"column":null}},"8":{"start":{"line":10,"column":13},"end":{"line":null,"column":null}},"9":{"start":{"line":13,"column":16},"end":{"line":null,"column":null}},"10":{"start":{"line":14,"column":16},"end":{"line":null,"column":null}},"11":{"start":{"line":0,"column":0},"end":{"line":0,"column":0},"skip":true},"12":{"start":{"line":19,"column":9},"end":{"line":null,"column":null}},"13":{"start":{"line":20,"column":13},"end":{"line":null,"column":null}},"14":{"start":{"line":24,"column":16},"end":{"line":null,"column":null}},"15":{"start":{"line":25,"column":16},"end":{"line":null,"column":null}},"16":{"start":{"line":0,"column":0},"end":{"line":0,"column":0},"skip":true},"17":{"start":{"line":30,"column":9},"end":{"line":null,"column":null}},"18":{"start":{"line":31,"column":12},"end":{"line":null,"column":null}},"19":{"start":{"line":32,"column":13},"end":{"line":null,"column":null}},"20":{"start":{"line":36,"column":16},"end":{"line":null,"column":null}},"21":{"start":{"line":37,"column":16},"end":{"line":null,"column":null}},"22":{"start":{"line":0,"column":0},"end":{"line":0,"column":0},"skip":true},"23":{"start":{"line":42,"column":9},"end":{"line":null,"column":null}},"24":{"start":{"line":43,"column":13},"end":{"line":null,"column":null}},"25":{"start":{"line":48,"column":16},"end":{"line":null,"column":null}},"26":{"start":{"line":0,"column":0},"end":{"line":0,"column":0},"skip":true},"27":{"start":{"line":53,"column":9},"end":{"line":null,"column":null}},"28":{"start":{"line":54,"column":13},"end":{"line":null,"column":null}},"29":{"start":{"line":60,"column":16},"end":{"line":null,"column":null}},"30":{"start":{"line":0,"column":0},"end":{"line":0,"column":0},"skip":true}},"branchMap":{}}}